#
# There is insufficient memory for the Java Runtime Environment to continue.
# Native memory allocation (malloc) failed to allocate 1970736 bytes for Chunk::new
# Possible reasons:
#   The system is out of physical RAM or swap space
#   In 32 bit mode, the process size limit was hit
# Possible solutions:
#   Reduce memory load on the system
#   Increase physical memory or swap space
#   Check if swap backing store is full
#   Use 64 bit Java on a 64 bit OS
#   Decrease Java heap size (-Xmx/-Xms)
#   Decrease number of Java threads
#   Decrease Java thread stack sizes (-Xss)
#   Set larger code cache with -XX:ReservedCodeCacheSize=
# This output file may be truncated or incomplete.
#
#  Out of Memory Error (allocation.cpp:390), pid=14356, tid=0x00000000000012a8
#
# JRE version: Java(TM) SE Runtime Environment (8.0_151-b12) (build 1.8.0_151-b12)
# Java VM: Java HotSpot(TM) 64-Bit Server VM (25.151-b12 mixed mode windows-amd64 compressed oops)
# Failed to write core dump. Minidumps are not enabled by default on client versions of Windows
#

---------------  T H R E A D  ---------------

Current thread (0x000000001a1d7000):  JavaThread "C2 CompilerThread1" daemon [_thread_in_native, id=4776, stack(0x000000001bf30000,0x000000001c030000)]

Stack: [0x000000001bf30000,0x000000001c030000]
[error occurred during error reporting (printing stack bounds), id 0xc0000005]

Native frames: (J=compiled Java code, j=interpreted, Vv=VM code, C=native code)


Current CompileTask:
C2: 785016 6938       4       java.net.URLStreamHandler::parseURL (1193 bytes)


---------------  P R O C E S S  ---------------

Java Threads: ( => current thread )
  0x0000000021b94000 JavaThread "Keep-Alive-Timer" daemon [_thread_blocked, id=13776, stack(0x000000002eb20000,0x000000002ec20000)]
  0x0000000021b8d800 JavaThread "NettyClientSelector_RMROLE_1" daemon [_thread_in_native, id=15824, stack(0x000000002e6b0000,0x000000002e7b0000)]
  0x0000000021b8c800 JavaThread "NettyClientSelector_TMROLE_1" daemon [_thread_in_native, id=13480, stack(0x0000000000ef0000,0x0000000000ff0000)]
  0x0000000021b8f000 JavaThread "RibbonApacheHttpClientConfiguration.connectionManagerTimer" daemon [_thread_blocked, id=120, stack(0x000000002e820000,0x000000002e920000)]
  0x0000000021b91000 JavaThread "logback-8" daemon [_thread_blocked, id=9892, stack(0x000000002e5b0000,0x000000002e6b0000)]
  0x0000000021b93800 JavaThread "logback-7" daemon [_thread_blocked, id=11076, stack(0x000000002e4b0000,0x000000002e5b0000)]
  0x0000000021b92800 JavaThread "logback-6" daemon [_thread_blocked, id=1400, stack(0x000000002e170000,0x000000002e270000)]
  0x0000000021b90800 JavaThread "logback-5" daemon [_thread_blocked, id=9440, stack(0x000000002e070000,0x000000002e170000)]
  0x0000000021b92000 JavaThread "logback-4" daemon [_thread_blocked, id=2628, stack(0x00000000010f0000,0x00000000011f0000)]
  0x000000001ef6c000 JavaThread "logback-3" daemon [_thread_blocked, id=10952, stack(0x0000000000ff0000,0x00000000010f0000)]
  0x000000002c456000 JavaThread "PollingServerListUpdater-1" daemon [_thread_blocked, id=16280, stack(0x000000002e3b0000,0x000000002e4b0000)]
  0x000000002c458800 JavaThread "com.alibaba.nacos.client.naming.updater" daemon [_thread_blocked, id=9704, stack(0x000000002e2b0000,0x000000002e3b0000)]
  0x000000002c455800 JavaThread "DataPublisher" daemon [_thread_blocked, id=4244, stack(0x000000002db30000,0x000000002dc30000)]
  0x000000002c45a000 JavaThread "com.alibaba.nacos.client.naming.updater" daemon [_thread_blocked, id=1964, stack(0x000000002dd70000,0x000000002de70000)]
  0x000000002c457000 JavaThread "PollingServerListUpdater-0" daemon [_thread_blocked, id=9848, stack(0x000000002dc70000,0x000000002dd70000)]
  0x000000002c454000 JavaThread "logback-2" daemon [_thread_blocked, id=7744, stack(0x000000002da30000,0x000000002db30000)]
  0x000000002c459000 JavaThread "RibbonApacheHttpClientConfiguration.connectionManagerTimer" daemon [_thread_blocked, id=4240, stack(0x000000002d730000,0x000000002d830000)]
  0x000000002c454800 JavaThread "DestroyJavaVM" [_thread_blocked, id=2604, stack(0x0000000002ea0000,0x0000000002fa0000)]
  0x000000002c457800 JavaThread "com.alibaba.nacos.naming.beat.sender" daemon [_thread_blocked, id=2016, stack(0x000000002d330000,0x000000002d430000)]
  0x000000002b7e3800 JavaThread "com.alibaba.nacos.naming.beat.sender" daemon [_thread_blocked, id=9312, stack(0x000000002b020000,0x000000002b120000)]
  0x000000002b7e5000 JavaThread "http-nio-2001-Acceptor" daemon [_thread_in_native, id=8892, stack(0x000000002af20000,0x000000002b020000)]
  0x000000002b7e3000 JavaThread "http-nio-2001-ClientPoller" daemon [_thread_in_native, id=12296, stack(0x000000002ae20000,0x000000002af20000)]
  0x000000002b7e4800 JavaThread "http-nio-2001-exec-10" daemon [_thread_blocked, id=11252, stack(0x0000000028d40000,0x0000000028e40000)]
  0x000000002b7e2000 JavaThread "http-nio-2001-exec-9" daemon [_thread_blocked, id=4328, stack(0x0000000028c40000,0x0000000028d40000)]
  0x000000002b7e1800 JavaThread "http-nio-2001-exec-8" daemon [_thread_blocked, id=4512, stack(0x0000000028b40000,0x0000000028c40000)]
  0x000000002b7e7800 JavaThread "http-nio-2001-exec-7" daemon [_thread_blocked, id=7792, stack(0x0000000028a40000,0x0000000028b40000)]
  0x000000002b7e8000 JavaThread "http-nio-2001-exec-6" daemon [_thread_blocked, id=14352, stack(0x00000000282f0000,0x00000000283f0000)]
  0x000000002b7e6000 JavaThread "http-nio-2001-exec-5" daemon [_thread_blocked, id=9372, stack(0x00000000281f0000,0x00000000282f0000)]
  0x000000002b7e6800 JavaThread "http-nio-2001-exec-4" daemon [_thread_blocked, id=11796, stack(0x00000000280f0000,0x00000000281f0000)]
  0x000000001ef78800 JavaThread "http-nio-2001-exec-3" daemon [_thread_blocked, id=14436, stack(0x0000000027ff0000,0x00000000280f0000)]
  0x000000001ef79800 JavaThread "http-nio-2001-exec-2" daemon [_thread_blocked, id=13400, stack(0x0000000027ef0000,0x0000000027ff0000)]
  0x000000001ef75000 JavaThread "http-nio-2001-exec-1" daemon [_thread_blocked, id=7680, stack(0x0000000027df0000,0x0000000027ef0000)]
  0x000000001ef78000 JavaThread "http-nio-2001-BlockPoller" daemon [_thread_in_native, id=14804, stack(0x0000000027cf0000,0x0000000027df0000)]
  0x000000001ef77000 JavaThread "ThreadPoolTaskScheduler-1" [_thread_blocked, id=5876, stack(0x0000000027bf0000,0x0000000027cf0000)]
  0x000000001ef75800 JavaThread "com.alibaba.nacos.client.naming.updater" daemon [_thread_blocked, id=14220, stack(0x00000000286e0000,0x00000000287e0000)]
  0x000000001ef6d800 JavaThread "container-0" [_thread_blocked, id=13244, stack(0x00000000279c0000,0x0000000027ac0000)]
  0x000000001ef73800 JavaThread "Catalina-utility-2" [_thread_blocked, id=5988, stack(0x0000000027af0000,0x0000000027bf0000)]
  0x000000001ef72800 JavaThread "Catalina-utility-1" [_thread_blocked, id=3516, stack(0x00000000278c0000,0x00000000279c0000)]
  0x000000001ef74000 JavaThread "com.alibaba.nacos.naming.push.receiver" daemon [_thread_in_native, id=13204, stack(0x0000000025350000,0x0000000025450000)]
  0x000000001ef72000 JavaThread "com.alibaba.nacos.naming.failover" daemon [_thread_blocked, id=14960, stack(0x0000000025250000,0x0000000025350000)]
  0x000000001ef6a800 JavaThread "com.alibaba.nacos.naming.client.listener" daemon [_thread_blocked, id=15020, stack(0x0000000024780000,0x0000000024880000)]
  0x000000001ef6c800 JavaThread "com.alibaba.nacos.client.naming.updater" daemon [_thread_blocked, id=2576, stack(0x0000000023ff0000,0x00000000240f0000)]
  0x000000001ef6b000 JavaThread "Timer-0" daemon [_thread_blocked, id=1216, stack(0x0000000024e50000,0x0000000024f50000)]
  0x000000001ef6f800 JavaThread "com.alibaba.nacos.naming.push.receiver" daemon [_thread_in_native, id=15640, stack(0x0000000024d50000,0x0000000024e50000)]
  0x000000001ef6f000 JavaThread "com.alibaba.nacos.naming.failover" daemon [_thread_blocked, id=10128, stack(0x0000000024c50000,0x0000000024d50000)]
  0x000000001ef71000 JavaThread "com.alibaba.nacos.naming.client.listener" daemon [_thread_blocked, id=1352, stack(0x0000000024b50000,0x0000000024c50000)]
  0x000000001ef6e000 JavaThread "logback-1" daemon [_thread_blocked, id=1936, stack(0x0000000024290000,0x0000000024390000)]
  0x000000001ef70800 JavaThread "Druid-ConnectionPool-Destroy-2135563436" daemon [_thread_blocked, id=1664, stack(0x0000000024a50000,0x0000000024b50000)]
  0x000000001db4e000 JavaThread "Druid-ConnectionPool-Create-2135563436" daemon [_thread_blocked, id=8172, stack(0x00000000243d0000,0x00000000244d0000)]
  0x000000001db4c000 JavaThread "Abandoned connection cleanup thread" daemon [_thread_blocked, id=4040, stack(0x0000000024190000,0x0000000024290000)]
  0x000000001db4b000 JavaThread "spring.cloud.inetutils" daemon [_thread_blocked, id=3824, stack(0x0000000023bf0000,0x0000000023cf0000)]
  0x000000001db4d800 JavaThread "rpcMergeMessageSend_RMROLE_1" daemon [_thread_blocked, id=14816, stack(0x00000000238f0000,0x00000000239f0000)]
  0x000000001db49000 JavaThread "timeoutChecker_2" daemon [_thread_blocked, id=6328, stack(0x0000000023550000,0x0000000023650000)]
  0x000000001db4f000 JavaThread "AsyncWorker_1" daemon [_thread_blocked, id=14000, stack(0x0000000020f90000,0x0000000021090000)]
  0x000000001db48000 JavaThread "rpcMergeMessageSend_TMROLE_1" daemon [_thread_blocked, id=3252, stack(0x0000000020e90000,0x0000000020f90000)]
  0x000000001db4c800 JavaThread "timeoutChecker_1" daemon [_thread_blocked, id=15760, stack(0x0000000020d90000,0x0000000020e90000)]
  0x000000001db49800 JavaThread "configOperate_2_2" daemon [_thread_blocked, id=1000, stack(0x000000001f680000,0x000000001f780000)]
  0x000000001db4a800 JavaThread "configOperate_1_2" daemon [_thread_blocked, id=13948, stack(0x000000001dbb0000,0x000000001dcb0000)]
  0x000000001b5c8800 JavaThread "Service Thread" daemon [_thread_blocked, id=14228, stack(0x000000001c130000,0x000000001c230000)]
  0x000000001a1d8000 JavaThread "C1 CompilerThread2" daemon [_thread_blocked, id=5056, stack(0x000000001c030000,0x000000001c130000)]
=>0x000000001a1d7000 JavaThread "C2 CompilerThread1" daemon [_thread_in_native, id=4776, stack(0x000000001bf30000,0x000000001c030000)]
  0x000000001a1d1000 JavaThread "C2 CompilerThread0" daemon [_thread_blocked, id=1208, stack(0x000000001be30000,0x000000001bf30000)]
  0x000000001a1c3800 JavaThread "JDWP Command Reader" daemon [_thread_in_native, id=14340, stack(0x000000001bd30000,0x000000001be30000)]
  0x000000001a1c0000 JavaThread "JDWP Event Helper Thread" daemon [_thread_blocked, id=10080, stack(0x000000001bc30000,0x000000001bd30000)]
  0x000000001a1b3000 JavaThread "JDWP Transport Listener: dt_socket" daemon [_thread_blocked, id=12552, stack(0x000000001bb30000,0x000000001bc30000)]
  0x000000001a1a9000 JavaThread "Attach Listener" daemon [_thread_blocked, id=3436, stack(0x000000001ba30000,0x000000001bb30000)]
  0x000000001a196000 JavaThread "Signal Dispatcher" daemon [_thread_blocked, id=836, stack(0x000000001b930000,0x000000001ba30000)]
  0x000000000309d800 JavaThread "Finalizer" daemon [_thread_blocked, id=14808, stack(0x000000001b3d0000,0x000000001b4d0000)]
  0x0000000003098000 JavaThread "Reference Handler" daemon [_thread_blocked, id=8560, stack(0x000000001b2d0000,0x000000001b3d0000)]

Other Threads:
  0x000000001a147800 VMThread [stack: 0x000000001b1d0000,0x000000001b2d0000] [id=6064]
  0x000000001b665800 WatcherThread [stack: 0x000000001c230000,0x000000001c330000] [id=13856]

VM state:not at safepoint (normal execution)

VM Mutex/Monitor currently owned by a thread: None

Heap:
 PSYoungGen      total 244224K, used 101329K [0x0000000780800000, 0x0000000796080000, 0x00000007c0000000)
  eden space 227840K, 42% used [0x0000000780800000,0x00000007865f88e8,0x000000078e680000)
  from space 16384K, 31% used [0x000000078e680000,0x000000078eb7bd60,0x000000078f680000)
  to   space 15872K, 0% used [0x0000000795100000,0x0000000795100000,0x0000000796080000)
 ParOldGen       total 133632K, used 23343K [0x0000000701800000, 0x0000000709a80000, 0x0000000780800000)
  object space 133632K, 17% used [0x0000000701800000,0x0000000702ecbe00,0x0000000709a80000)
 Metaspace       used 62811K, capacity 65460K, committed 65816K, reserved 1105920K
  class space    used 7952K, capacity 8387K, committed 8472K, reserved 1048576K

Card table byte_map: [0x0000000012460000,0x0000000012a60000] byte_map_base: 0x000000000ec54000

Marking Bits: (ParMarkBitMap*) 0x000000005a00d850
 Begin Bits: [0x0000000013260000, 0x0000000016200000)
 End Bits:   [0x0000000016200000, 0x00000000191a0000)

Polling page: 0x0000000001270000

CodeCache: size=245760Kb used=22031Kb max_used=22296Kb free=223729Kb
 bounds [0x00000000030a0000, 0x0000000004690000, 0x00000000120a0000]
 total_blobs=6411 nmethods=5829 adapters=501
 compilation: enabled

Compilation events (10 events):
Event: 784.938 Thread 0x000000001a1d8000 6946       3       java.util.concurrent.ThreadPoolExecutor::execute (132 bytes)
Event: 784.940 Thread 0x000000001a1d8000 nmethod 6946 0x000000000427cfd0 code [0x000000000427d220, 0x000000000427e228]
Event: 784.949 Thread 0x000000001a1d8000 6947       3       java.util.concurrent.ConcurrentHashMap$ValueIterator::next (34 bytes)
Event: 784.950 Thread 0x000000001a1d8000 nmethod 6947 0x000000000430a190 code [0x000000000430a320, 0x000000000430a678]
Event: 784.950 Thread 0x000000001a1d8000 6948   !   3       java.util.concurrent.LinkedBlockingQueue::offer (130 bytes)
Event: 784.953 Thread 0x000000001a1d8000 nmethod 6948 0x0000000004295a10 code [0x0000000004295ce0, 0x00000000042973e8]
Event: 784.953 Thread 0x000000001a1d8000 6949       1       java.util.concurrent.LinkedBlockingQueue::enqueue (14 bytes)
Event: 784.953 Thread 0x000000001a1d8000 nmethod 6949 0x000000000427cc90 code [0x000000000427cde0, 0x000000000427cf30]
Event: 784.953 Thread 0x000000001a1d8000 6950   !   3       java.util.concurrent.LinkedBlockingQueue::signalNotEmpty (33 bytes)
Event: 784.954 Thread 0x000000001a1d8000 nmethod 6950 0x0000000004281c90 code [0x0000000004281e80, 0x00000000042827f8]

GC Heap History (10 events):
Event: 20.212 GC heap before
{Heap before GC invocations=12 (full 2):
 PSYoungGen      total 132096K, used 120832K [0x0000000780800000, 0x000000078c780000, 0x00000007c0000000)
  eden space 120832K, 100% used [0x0000000780800000,0x0000000787e00000,0x0000000787e00000)
  from space 11264K, 0% used [0x0000000787e00000,0x0000000787e00000,0x0000000788900000)
  to   space 11264K, 0% used [0x000000078bc80000,0x000000078bc80000,0x000000078c780000)
 ParOldGen       total 104960K, used 12430K [0x0000000701800000, 0x0000000707e80000, 0x0000000780800000)
  object space 104960K, 11% used [0x0000000701800000,0x0000000702423b08,0x0000000707e80000)
 Metaspace       used 44518K, capacity 46442K, committed 46640K, reserved 1089536K
  class space    used 5601K, capacity 5922K, committed 5936K, reserved 1048576K
Event: 20.237 GC heap after
Heap after GC invocations=12 (full 2):
 PSYoungGen      total 179712K, used 11079K [0x0000000780800000, 0x000000078c780000, 0x00000007c0000000)
  eden space 168448K, 0% used [0x0000000780800000,0x0000000780800000,0x000000078ac80000)
  from space 11264K, 98% used [0x000000078bc80000,0x000000078c751d28,0x000000078c780000)
  to   space 12288K, 0% used [0x000000078af80000,0x000000078af80000,0x000000078bb80000)
 ParOldGen       total 104960K, used 12502K [0x0000000701800000, 0x0000000707e80000, 0x0000000780800000)
  object space 104960K, 11% used [0x0000000701800000,0x0000000702435b18,0x0000000707e80000)
 Metaspace       used 44518K, capacity 46442K, committed 46640K, reserved 1089536K
  class space    used 5601K, capacity 5922K, committed 5936K, reserved 1048576K
}
Event: 49.171 GC heap before
{Heap before GC invocations=13 (full 2):
 PSYoungGen      total 179712K, used 179527K [0x0000000780800000, 0x000000078c780000, 0x00000007c0000000)
  eden space 168448K, 100% used [0x0000000780800000,0x000000078ac80000,0x000000078ac80000)
  from space 11264K, 98% used [0x000000078bc80000,0x000000078c751d28,0x000000078c780000)
  to   space 12288K, 0% used [0x000000078af80000,0x000000078af80000,0x000000078bb80000)
 ParOldGen       total 104960K, used 12502K [0x0000000701800000, 0x0000000707e80000, 0x0000000780800000)
  object space 104960K, 11% used [0x0000000701800000,0x0000000702435b18,0x0000000707e80000)
 Metaspace       used 55936K, capacity 58394K, committed 58544K, reserved 1099776K
  class space    used 7114K, capacity 7511K, committed 7600K, reserved 1048576K
Event: 49.203 GC heap after
Heap after GC invocations=13 (full 2):
 PSYoungGen      total 183808K, used 12269K [0x0000000780800000, 0x0000000790600000, 0x00000007c0000000)
  eden space 171520K, 0% used [0x0000000780800000,0x0000000780800000,0x000000078af80000)
  from space 12288K, 99% used [0x000000078af80000,0x000000078bb7b7e8,0x000000078bb80000)
  to   space 15872K, 0% used [0x000000078f680000,0x000000078f680000,0x0000000790600000)
 ParOldGen       total 104960K, used 18555K [0x0000000701800000, 0x0000000707e80000, 0x0000000780800000)
  object space 104960K, 17% used [0x0000000701800000,0x0000000702a1ec40,0x0000000707e80000)
 Metaspace       used 55936K, capacity 58394K, committed 58544K, reserved 1099776K
  class space    used 7114K, capacity 7511K, committed 7600K, reserved 1048576K
}
Event: 49.471 GC heap before
{Heap before GC invocations=14 (full 2):
 PSYoungGen      total 183808K, used 27070K [0x0000000780800000, 0x0000000790600000, 0x00000007c0000000)
  eden space 171520K, 8% used [0x0000000780800000,0x0000000781674020,0x000000078af80000)
  from space 12288K, 99% used [0x000000078af80000,0x000000078bb7b7e8,0x000000078bb80000)
  to   space 15872K, 0% used [0x000000078f680000,0x000000078f680000,0x0000000790600000)
 ParOldGen       total 104960K, used 18555K [0x0000000701800000, 0x0000000707e80000, 0x0000000780800000)
  object space 104960K, 17% used [0x0000000701800000,0x0000000702a1ec40,0x0000000707e80000)
 Metaspace       used 56450K, capacity 59038K, committed 59160K, reserved 1101824K
  class space    used 7186K, capacity 7613K, committed 7704K, reserved 1048576K
Event: 49.487 GC heap after
Heap after GC invocations=14 (full 2):
 PSYoungGen      total 243712K, used 1972K [0x0000000780800000, 0x0000000791a80000, 0x00000007c0000000)
  eden space 227840K, 0% used [0x0000000780800000,0x0000000780800000,0x000000078e680000)
  from space 15872K, 12% used [0x000000078f680000,0x000000078f86d370,0x0000000790600000)
  to   space 16384K, 0% used [0x000000078e680000,0x000000078e680000,0x000000078f680000)
 ParOldGen       total 104960K, used 24795K [0x0000000701800000, 0x0000000707e80000, 0x0000000780800000)
  object space 104960K, 23% used [0x0000000701800000,0x0000000703036d40,0x0000000707e80000)
 Metaspace       used 56450K, capacity 59038K, committed 59160K, reserved 1101824K
  class space    used 7186K, capacity 7613K, committed 7704K, reserved 1048576K
}
Event: 49.487 GC heap before
{Heap before GC invocations=15 (full 3):
 PSYoungGen      total 243712K, used 1972K [0x0000000780800000, 0x0000000791a80000, 0x00000007c0000000)
  eden space 227840K, 0% used [0x0000000780800000,0x0000000780800000,0x000000078e680000)
  from space 15872K, 12% used [0x000000078f680000,0x000000078f86d370,0x0000000790600000)
  to   space 16384K, 0% used [0x000000078e680000,0x000000078e680000,0x000000078f680000)
 ParOldGen       total 104960K, used 24795K [0x0000000701800000, 0x0000000707e80000, 0x0000000780800000)
  object space 104960K, 23% used [0x0000000701800000,0x0000000703036d40,0x0000000707e80000)
 Metaspace       used 56450K, capacity 59038K, committed 59160K, reserved 1101824K
  class space    used 7186K, capacity 7613K, committed 7704K, reserved 1048576K
Event: 49.766 GC heap after
Heap after GC invocations=15 (full 3):
 PSYoungGen      total 243712K, used 0K [0x0000000780800000, 0x0000000791a80000, 0x00000007c0000000)
  eden space 227840K, 0% used [0x0000000780800000,0x0000000780800000,0x000000078e680000)
  from space 15872K, 0% used [0x000000078f680000,0x000000078f680000,0x0000000790600000)
  to   space 16384K, 0% used [0x000000078e680000,0x000000078e680000,0x000000078f680000)
 ParOldGen       total 133632K, used 23335K [0x0000000701800000, 0x0000000709a80000, 0x0000000780800000)
  object space 133632K, 17% used [0x0000000701800000,0x0000000702ec9e00,0x0000000709a80000)
 Metaspace       used 56450K, capacity 59038K, committed 59160K, reserved 1101824K
  class space    used 7186K, capacity 7613K, committed 7704K, reserved 1048576K
}
Event: 554.138 GC heap before
{Heap before GC invocations=16 (full 3):
 PSYoungGen      total 243712K, used 227840K [0x0000000780800000, 0x0000000791a80000, 0x00000007c0000000)
  eden space 227840K, 100% used [0x0000000780800000,0x000000078e680000,0x000000078e680000)
  from space 15872K, 0% used [0x000000078f680000,0x000000078f680000,0x0000000790600000)
  to   space 16384K, 0% used [0x000000078e680000,0x000000078e680000,0x000000078f680000)
 ParOldGen       total 133632K, used 23335K [0x0000000701800000, 0x0000000709a80000, 0x0000000780800000)
  object space 133632K, 17% used [0x0000000701800000,0x0000000702ec9e00,0x0000000709a80000)
 Metaspace       used 60751K, capacity 63458K, committed 63768K, reserved 1105920K
  class space    used 7682K, capacity 8128K, committed 8216K, reserved 1048576K
Event: 554.152 GC heap after
Heap after GC invocations=16 (full 3):
 PSYoungGen      total 244224K, used 5103K [0x0000000780800000, 0x0000000796080000, 0x00000007c0000000)
  eden space 227840K, 0% used [0x0000000780800000,0x0000000780800000,0x000000078e680000)
  from space 16384K, 31% used [0x000000078e680000,0x000000078eb7bd60,0x000000078f680000)
  to   space 15872K, 0% used [0x0000000795100000,0x0000000795100000,0x0000000796080000)
 ParOldGen       total 133632K, used 23343K [0x0000000701800000, 0x0000000709a80000, 0x0000000780800000)
  object space 133632K, 17% used [0x0000000701800000,0x0000000702ecbe00,0x0000000709a80000)
 Metaspace       used 60751K, capacity 63458K, committed 63768K, reserved 1105920K
  class space    used 7682K, capacity 8128K, committed 8216K, reserved 1048576K
}

Deoptimization events (10 events):
Event: 117.550 Thread 0x000000001ef6c800 Uncommon trap: reason=predicate action=maybe_recompile pc=0x0000000003d046e8 method=java.util.AbstractCollection.toArray([Ljava/lang/Object;)[Ljava/lang/Object; @ 49
Event: 142.931 Thread 0x000000001ef6c800 Uncommon trap: reason=array_check action=maybe_recompile pc=0x0000000004288fbc method=java.util.AbstractCollection.toArray([Ljava/lang/Object;)[Ljava/lang/Object; @ 119
Event: 143.384 Thread 0x000000002c457800 Uncommon trap: reason=array_check action=maybe_recompile pc=0x0000000004288fbc method=java.util.AbstractCollection.toArray([Ljava/lang/Object;)[Ljava/lang/Object; @ 119
Event: 143.946 Thread 0x000000001ef6c800 Uncommon trap: reason=array_check action=maybe_recompile pc=0x0000000004288fbc method=java.util.AbstractCollection.toArray([Ljava/lang/Object;)[Ljava/lang/Object; @ 119
Event: 144.957 Thread 0x000000001ef6c800 Uncommon trap: reason=array_check action=maybe_recompile pc=0x0000000004288fbc method=java.util.AbstractCollection.toArray([Ljava/lang/Object;)[Ljava/lang/Object; @ 119
Event: 251.873 Thread 0x000000002b7e6800 Uncommon trap: reason=bimorphic action=maybe_recompile pc=0x00000000041ce6f0 method=java.util.Collections$UnmodifiableMap.containsKey(Ljava/lang/Object;)Z @ 5
Event: 251.881 Thread 0x000000002b7e6800 Uncommon trap: reason=bimorphic action=maybe_recompile pc=0x00000000041ce6f0 method=java.util.Collections$UnmodifiableMap.containsKey(Ljava/lang/Object;)Z @ 5
Event: 251.884 Thread 0x000000002b7e6800 Uncommon trap: reason=unstable_if action=reinterpret pc=0x000000000361b000 method=java.nio.Buffer.limit(I)Ljava/nio/Buffer; @ 33
Event: 784.447 Thread 0x000000001db49000 Uncommon trap: reason=unstable_if action=reinterpret pc=0x000000000383c6b0 method=java.lang.Class.annotationData()Ljava/lang/Class$AnnotationData; @ 36
Event: 784.449 Thread 0x000000001db49000 Uncommon trap: reason=unstable_if action=reinterpret pc=0x000000000414fd8c method=sun.reflect.annotation.AnnotationType.getInstance(Ljava/lang/Class;)Lsun/reflect/annotation/AnnotationType; @ 34

Internal exceptions (10 events):
Event: 739.843 Thread 0x000000001ef6b000 Exception <a 'java/io/FileNotFoundException'> (0x0000000783ef6f28) thrown at [C:\re\workspace\8-2-build-windows-amd64-cygwin\jdk8u151\9699\hotspot\src\share\vm\prims\jni.cpp, line 709]
Event: 749.844 Thread 0x000000001ef6b000 Exception <a 'java/io/FileNotFoundException'> (0x0000000783efcf60) thrown at [C:\re\workspace\8-2-build-windows-amd64-cygwin\jdk8u151\9699\hotspot\src\share\vm\prims\jni.cpp, line 709]
Event: 749.845 Thread 0x000000001ef6b000 Exception <a 'java/io/FileNotFoundException'> (0x0000000783efd538) thrown at [C:\re\workspace\8-2-build-windows-amd64-cygwin\jdk8u151\9699\hotspot\src\share\vm\prims\jni.cpp, line 709]
Event: 759.843 Thread 0x000000001ef6b000 Exception <a 'java/io/FileNotFoundException'> (0x0000000783f03570) thrown at [C:\re\workspace\8-2-build-windows-amd64-cygwin\jdk8u151\9699\hotspot\src\share\vm\prims\jni.cpp, line 709]
Event: 759.843 Thread 0x000000001ef6b000 Exception <a 'java/io/FileNotFoundException'> (0x0000000783f03b48) thrown at [C:\re\workspace\8-2-build-windows-amd64-cygwin\jdk8u151\9699\hotspot\src\share\vm\prims\jni.cpp, line 709]
Event: 769.843 Thread 0x000000001ef6b000 Exception <a 'java/io/FileNotFoundException'> (0x0000000783f09b80) thrown at [C:\re\workspace\8-2-build-windows-amd64-cygwin\jdk8u151\9699\hotspot\src\share\vm\prims\jni.cpp, line 709]
Event: 769.843 Thread 0x000000001ef6b000 Exception <a 'java/io/FileNotFoundException'> (0x0000000783f0a158) thrown at [C:\re\workspace\8-2-build-windows-amd64-cygwin\jdk8u151\9699\hotspot\src\share\vm\prims\jni.cpp, line 709]
Event: 779.844 Thread 0x000000001ef6b000 Exception <a 'java/io/FileNotFoundException'> (0x0000000783f10190) thrown at [C:\re\workspace\8-2-build-windows-amd64-cygwin\jdk8u151\9699\hotspot\src\share\vm\prims\jni.cpp, line 709]
Event: 779.844 Thread 0x000000001ef6b000 Exception <a 'java/io/FileNotFoundException'> (0x0000000783f10768) thrown at [C:\re\workspace\8-2-build-windows-amd64-cygwin\jdk8u151\9699\hotspot\src\share\vm\prims\jni.cpp, line 709]
Event: 784.693 Thread 0x0000000021b8d800 Exception <a 'java/lang/NoClassDefFoundError': com/caucho/hessian/io/AbstractHessianOutput> (0x00000007861b86e0) thrown at [C:\re\workspace\8-2-build-windows-amd64-cygwin\jdk8u151\9699\hotspot\src\share\vm\classfile\systemDictionary.cpp, line 199]

Events (10 events):
Event: 784.941 Thread 0x000000001db49800 DEOPT PACKING pc=0x0000000004236504 sp=0x000000001f77f220
Event: 784.941 Thread 0x000000001db49800 DEOPT UNPACKING pc=0x00000000030e787f sp=0x000000001f77efc0 mode 0
Event: 784.948 loading class io/seata/codec/seata/protocol/RegisterRMResponseCodec
Event: 784.948 loading class io/seata/codec/seata/protocol/RegisterRMResponseCodec done
Event: 784.948 Thread 0x0000000021b8d800 DEOPT PACKING pc=0x00000000043e6eac sp=0x000000002e7ad1d0
Event: 784.948 Thread 0x0000000021b8d800 DEOPT UNPACKING pc=0x00000000030e787f sp=0x000000002e7acff0 mode 1
Event: 784.948 Thread 0x0000000021b8d800 DEOPT PACKING pc=0x00000000043e6c44 sp=0x000000002e7ad360
Event: 784.948 Thread 0x0000000021b8d800 DEOPT UNPACKING pc=0x00000000030e787f sp=0x000000002e7ad180 mode 1
Event: 784.950 Thread 0x000000001db49000 DEOPT PACKING pc=0x00000000032d9c7c sp=0x000000002364edb0
Event: 784.950 Thread 0x000000001db49000 DEOPT UNPACKING pc=0x00000000030e787f sp=0x000000002364ead0 mode 0


Dynamic libraries:
0x00007ff692810000 - 0x00007ff692847000 	C:\Program Files\Java\jdk1.8.0_151\bin\java.exe
0x00007fff7cc20000 - 0x00007fff7ce10000 	C:\WINDOWS\SYSTEM32\ntdll.dll
0x00007fff7b620000 - 0x00007fff7b6d2000 	C:\WINDOWS\System32\KERNEL32.DLL
0x00007fff7a0b0000 - 0x00007fff7a353000 	C:\WINDOWS\System32\KERNELBASE.dll
0x00007fff7c520000 - 0x00007fff7c5c3000 	C:\WINDOWS\System32\ADVAPI32.dll
0x00007fff7afa0000 - 0x00007fff7b03e000 	C:\WINDOWS\System32\msvcrt.dll
0x00007fff7aed0000 - 0x00007fff7af67000 	C:\WINDOWS\System32\sechost.dll
0x00007fff7b4a0000 - 0x00007fff7b5c0000 	C:\WINDOWS\System32\RPCRT4.dll
0x00007fff7c5d0000 - 0x00007fff7c764000 	C:\WINDOWS\System32\USER32.dll
0x00007fff7ac80000 - 0x00007fff7aca1000 	C:\WINDOWS\System32\win32u.dll
0x00007fff7b120000 - 0x00007fff7b146000 	C:\WINDOWS\System32\GDI32.dll
0x00007fff79e70000 - 0x00007fff7a004000 	C:\WINDOWS\System32\gdi32full.dll
0x00007fff7a010000 - 0x00007fff7a0ae000 	C:\WINDOWS\System32\msvcp_win.dll
0x00007fff79bb0000 - 0x00007fff79caa000 	C:\WINDOWS\System32\ucrtbase.dll
0x00007fff6bce0000 - 0x00007fff6bf65000 	C:\WINDOWS\WinSxS\amd64_microsoft.windows.common-controls_6595b64144ccf1df_6.0.18362.720_none_e6beb5c51314836b\COMCTL32.dll
0x00007fff7c1d0000 - 0x00007fff7c506000 	C:\WINDOWS\System32\combase.dll
0x00007fff79df0000 - 0x00007fff79e70000 	C:\WINDOWS\System32\bcryptPrimitives.dll
0x00007fff7af70000 - 0x00007fff7af9e000 	C:\WINDOWS\System32\IMM32.DLL
0x000000005bdd0000 - 0x000000005bea2000 	C:\Program Files\Java\jdk1.8.0_151\jre\bin\msvcr100.dll
0x00000000597f0000 - 0x000000005a08d000 	C:\Program Files\Java\jdk1.8.0_151\jre\bin\server\jvm.dll
0x00007fff7acd0000 - 0x00007fff7acd8000 	C:\WINDOWS\System32\PSAPI.DLL
0x00007fff77850000 - 0x00007fff77859000 	C:\WINDOWS\SYSTEM32\WSOCK32.dll
0x00007fff7b240000 - 0x00007fff7b2af000 	C:\WINDOWS\System32\WS2_32.dll
0x00007fff77350000 - 0x00007fff77374000 	C:\WINDOWS\SYSTEM32\WINMM.dll
0x00007fff6d9a0000 - 0x00007fff6d9aa000 	C:\WINDOWS\SYSTEM32\VERSION.dll
0x00007fff77320000 - 0x00007fff7734d000 	C:\WINDOWS\SYSTEM32\WINMMBASE.dll
0x00007fff7a360000 - 0x00007fff7a3aa000 	C:\WINDOWS\System32\cfgmgr32.dll
0x000000005bdc0000 - 0x000000005bdcf000 	C:\Program Files\Java\jdk1.8.0_151\jre\bin\verify.dll
0x000000005bd90000 - 0x000000005bdb9000 	C:\Program Files\Java\jdk1.8.0_151\jre\bin\java.dll
0x000000005ab20000 - 0x000000005ab55000 	C:\Program Files\Java\jdk1.8.0_151\jre\bin\jdwp.dll
0x000000005ab10000 - 0x000000005ab18000 	C:\Program Files\Java\jdk1.8.0_151\jre\bin\npt.dll
0x000000005ac00000 - 0x000000005ac16000 	C:\Program Files\Java\jdk1.8.0_151\jre\bin\zip.dll
0x00007fff7b810000 - 0x00007fff7bef5000 	C:\WINDOWS\System32\SHELL32.dll
0x00007fff7c120000 - 0x00007fff7c1c9000 	C:\WINDOWS\System32\shcore.dll
0x00007fff7a3b0000 - 0x00007fff7ab30000 	C:\WINDOWS\System32\windows.storage.dll
0x00007fff79b10000 - 0x00007fff79b33000 	C:\WINDOWS\System32\profapi.dll
0x00007fff79b40000 - 0x00007fff79b8a000 	C:\WINDOWS\System32\powrprof.dll
0x00007fff79ae0000 - 0x00007fff79af0000 	C:\WINDOWS\System32\UMPDC.dll
0x00007fff7b5c0000 - 0x00007fff7b612000 	C:\WINDOWS\System32\shlwapi.dll
0x00007fff79af0000 - 0x00007fff79b01000 	C:\WINDOWS\System32\kernel.appcore.dll
0x00007fff7acb0000 - 0x00007fff7acc7000 	C:\WINDOWS\System32\cryptsp.dll
0x000000005ab00000 - 0x000000005ab09000 	C:\Program Files\Java\jdk1.8.0_151\jre\bin\dt_socket.dll
0x00007fff79320000 - 0x00007fff79387000 	C:\WINDOWS\system32\mswsock.dll
0x000000005abe0000 - 0x000000005abfa000 	C:\Program Files\Java\jdk1.8.0_151\jre\bin\net.dll
0x00007fff79030000 - 0x00007fff7906a000 	C:\WINDOWS\SYSTEM32\IPHLPAPI.DLL
0x00007fff7c510000 - 0x00007fff7c518000 	C:\WINDOWS\System32\NSI.dll
0x00007fff6d230000 - 0x00007fff6d246000 	C:\WINDOWS\SYSTEM32\dhcpcsvc6.DLL
0x00007fff6d210000 - 0x00007fff6d22c000 	C:\WINDOWS\SYSTEM32\dhcpcsvc.DLL
0x00007fff79070000 - 0x00007fff7913a000 	C:\WINDOWS\SYSTEM32\DNSAPI.dll
0x00007fff6afa0000 - 0x00007fff6afaa000 	C:\Windows\System32\rasadhlp.dll
0x00007fff6cb90000 - 0x00007fff6cc07000 	C:\WINDOWS\System32\fwpuclnt.dll
0x00007fff79cb0000 - 0x00007fff79cd6000 	C:\WINDOWS\System32\bcrypt.dll
0x000000005ab90000 - 0x000000005ab9d000 	C:\Program Files\Java\jdk1.8.0_151\jre\bin\management.dll
0x00007fff552d0000 - 0x00007fff552e6000 	C:\WINDOWS\system32\napinsp.dll
0x00007fff552b0000 - 0x00007fff552ca000 	C:\WINDOWS\system32\pnrpnsp.dll
0x00007fff61b20000 - 0x00007fff61b2e000 	C:\WINDOWS\System32\winrnr.dll
0x00007fff75e80000 - 0x00007fff75e9c000 	C:\WINDOWS\system32\NLAapi.dll
0x00007fff74270000 - 0x00007fff74285000 	C:\WINDOWS\system32\wshbth.dll
0x000000005abc0000 - 0x000000005abd1000 	C:\Program Files\Java\jdk1.8.0_151\jre\bin\nio.dll
0x00007fff78e30000 - 0x00007fff78e63000 	C:\WINDOWS\system32\rsaenh.dll
0x00007fff79a00000 - 0x00007fff79a25000 	C:\WINDOWS\SYSTEM32\USERENV.dll
0x00007fff794f0000 - 0x00007fff794fc000 	C:\WINDOWS\SYSTEM32\CRYPTBASE.dll
0x000000005ab60000 - 0x000000005ab84000 	C:\Program Files\Java\jdk1.8.0_151\jre\bin\sunec.dll

VM Arguments:
jvm_args: -agentlib:jdwp=transport=dt_socket,address=127.0.0.1:53183,suspend=y,server=n -Dfile.encoding=UTF-8 
java_command: com.adb.springcloud.SeataOrderMainApp2001
java_class_path (initial): C:\Program Files\Java\jdk1.8.0_151\jre\lib\charsets.jar;C:\Program Files\Java\jdk1.8.0_151\jre\lib\deploy.jar;C:\Program Files\Java\jdk1.8.0_151\jre\lib\ext\access-bridge-64.jar;C:\Program Files\Java\jdk1.8.0_151\jre\lib\ext\cldrdata.jar;C:\Program Files\Java\jdk1.8.0_151\jre\lib\ext\dnsns.jar;C:\Program Files\Java\jdk1.8.0_151\jre\lib\ext\jaccess.jar;C:\Program Files\Java\jdk1.8.0_151\jre\lib\ext\jfxrt.jar;C:\Program Files\Java\jdk1.8.0_151\jre\lib\ext\localedata.jar;C:\Program Files\Java\jdk1.8.0_151\jre\lib\ext\nashorn.jar;C:\Program Files\Java\jdk1.8.0_151\jre\lib\ext\sunec.jar;C:\Program Files\Java\jdk1.8.0_151\jre\lib\ext\sunjce_provider.jar;C:\Program Files\Java\jdk1.8.0_151\jre\lib\ext\sunmscapi.jar;C:\Program Files\Java\jdk1.8.0_151\jre\lib\ext\sunpkcs11.jar;C:\Program Files\Java\jdk1.8.0_151\jre\lib\ext\zipfs.jar;C:\Program Files\Java\jdk1.8.0_151\jre\lib\javaws.jar;C:\Program Files\Java\jdk1.8.0_151\jre\lib\jce.jar;C:\Program Files\Java\jdk1.8.0_151\jre\lib\jfr.jar;C:\Program Files\Java\jdk1.8.0_151\jre\lib\jfxswt.jar;C:\Program Files\Java\jdk1.8.0_151\jre\lib\jsse.jar;C:\Program Files\Java\jdk1.8.0_151\jre\lib\management-agent.jar;C:\Program Files\Java\jdk1.8.0_151\jre\lib\plugin.jar;C:\Program Files\Java\jdk1.8.0_151\jre\lib\resources.jar;C:\Program Files\Java\jdk1.8.0_151\jre\lib\rt.jar;D:\ideaWorkSpace\spring-cloud-2020\seata-order-service2001\target\classes;D:\repository\com\alibaba\cloud\spring-cloud-starter-alibaba-nacos-discovery\2.1.0.RELEASE\spring-cloud-starter-alibaba-nacos-discovery-2.1.0.RELEASE.jar;D:\repository\com\alibaba\cloud\spring-cloud-alibaba-nacos-discovery\2.1.0.RELEASE\spring-cloud-alibaba-nacos-discovery-2.1.0.RELEASE.jar;D:\repository\com\alibaba\nacos\nacos-client\1.1.1\nacos-client-1.1.1.jar;D:\repository\com\alibaba\nacos\nacos-common\1.1.1\nacos-common-1.1.1.jar;D:\repository\commons-io\commons-io\2.2\commons-io-2.2.jar;D:\repository\org\apache\commons\commons-lang3\3.9\commons-lang3-3.9.jar;D:\
Launcher Type: SUN_STANDARD

Environment Variables:
JAVA_HOME=C:\Program Files\Java\jdk1.8.0_151
CLASSPATH=.;C:\Program Files\Java\jdk1.8.0_151\lib;C:\Program Files\Java\jdk1.8.0_151\lib\tools.jar
PATH=C:\ProgramData\Oracle\Java\javapath;C:\Program Files\Java\jdk1.8.0_151\bin;C:\Program Files\Java\jdk1.8.0_151\jre\bin;C:\Program Files (x86)\Intel\iCLS Client\;C:\Program Files\Intel\iCLS Client\;C:\Windows\system32;C:\Windows;C:\Windows\System32\Wbem;C:\Windows\System32\WindowsPowerShell\v1.0\;C:\Program Files (x86)\Intel\Intel(R) Management Engine Components\DAL;C:\Program Files\Intel\Intel(R) Management Engine Components\DAL;C:\Program Files (x86)\Intel\Intel(R) Management Engine Components\IPT;C:\Program Files\Intel\Intel(R) Management Engine Components\IPT;C:\Program Files (x86)\NVIDIA Corporation\PhysX\Common;C:\Program Files (x86)\MySQL\MySQL Server 5.5\bin;E:\SecureCRT\;D:\SVN\bin;D:\SVNservice\bin;D:\apache-maven-3.3.9\bin;C:\gradle\gradle-4.4\bin;C:\WINDOWS\system32;C:\WINDOWS;C:\WINDOWS\System32\Wbem;C:\WINDOWS\System32\WindowsPowerShell\v1.0\;C:\WINDOWS\System32\OpenSSH\;D:\hadoop-2.9.1\bin;D:\nodejs\;D:\git\Git\mingw64\bin;D:\git\Git\mingw64\libexec\git-core;C:\Program Files (x86)\scala\bin;D:\consul;C:\Users\渴望一笑\AppData\Local\Microsoft\WindowsApps;C:\Users\渴望一笑\AppData\Roaming\npm;C:\Users\渴望一笑\AppData\Local\Programs\Fiddler;%USERPROFILE%\AppData\Local\Microsoft\WindowsApps;C:\Users\渴望一笑\AppData\Local\BypassRuntm
USERNAME=渴望一笑
OS=Windows_NT
PROCESSOR_IDENTIFIER=Intel64 Family 6 Model 78 Stepping 3, GenuineIntel



---------------  S Y S T E M  ---------------

OS: Windows 10.0 , 64 bit Build 18362 (10.0.18362.329)

CPU:total 4 (initial active 4) (2 cores per cpu, 2 threads per core) family 6 model 78 stepping 3, cmov, cx8, fxsr, mmx, sse, sse2, sse3, ssse3, sse4.1, sse4.2, popcnt, avx, avx2, aes, clmul, erms, 3dnowpref, lzcnt, ht, tsc, tscinvbit, bmi1, bmi2, adx

Memory: 4k page, physical 12483576k(4738492k free), swap 13007864k(4380k free)

vm_info: Java HotSpot(TM) 64-Bit Server VM (25.151-b12) for windows-amd64 JRE (1.8.0_151-b12), built on Sep  5 2017 19:33:46 by "java_re" with MS VC++ 10.0 (VS2010)

time: Mon Apr 13 23:33:01 2020
elapsed time: 785 seconds (0d 0h 13m 5s)

